<?xml version="1.0" encoding="UTF-8"?>
<!-- Generated by org.testng.reporters.JUnitReportReporter -->
<testsuite hostname="IP4-826" name="sendEmail.SendAmail" tests="2" failures="0" timestamp="3 Oct 2016 14:03:04 GMT" time="6.832" errors="0">
  <testcase name="method2" time="5.825" classname="sendEmail.SendAmail"/>
  <testcase name="method1" time="1.007" classname="sendEmail.SendAmail"/>
</testsuite> <!-- sendEmail.SendAmail -->
